Running: D:\14.7\ISE_DS\ISE\bin\nt64\unwrapped\fuse.exe -intstyle ise -incremental -o D:/Git/DIG_Portfoleo2/Portfoleo2/Components/Reaction_game/TEST_reaction_game_isim_beh.exe -prj D:/Git/DIG_Portfoleo2/Portfoleo2/Components/Reaction_game/TEST_reaction_game_beh.prj work.TEST_reaction_game 
ISim P.20131013 (signature 0x7708f090)
Number of CPUs detected in this system: 4
Turning on mult-threading, number of parallel sub-compilation jobs: 8 
Determining compilation order of HDL files
Parsing VHDL file "D:/Git/DIG_Portfoleo2/Portfoleo2/Components/Reaction_game/reaction_game.vhd" into library work
Parsing VHDL file "D:/Git/DIG_Portfoleo2/Portfoleo2/Components/Reaction_game/TEST_reaction_game.vhd" into library work
Starting static elaboration
Completed static elaboration
Compiling package standard
Compiling package std_logic_1164
Compiling package std_logic_arith
Compiling package std_logic_unsigned
Compiling architecture behavioral of entity reaction_game [reaction_game_default]
Compiling architecture behavior of entity test_reaction_game
Time Resolution for simulation is 1ps.
Waiting for 1 sub-compilation(s) to finish...
Compiled 7 VHDL Units
Built simulation executable D:/Git/DIG_Portfoleo2/Portfoleo2/Components/Reaction_game/TEST_reaction_game_isim_beh.exe
Fuse Memory Usage: 33548 KB
Fuse CPU Usage: 781 ms
