Running: fuse.exe -relaunch -intstyle "ise" -incremental -o "D:/Git/DIG_Assignment1/Projeckt/Komponenter/Cnt999/TEST_Cnt999_isim_beh.exe" -prj "D:/Git/DIG_Assignment1/Projeckt/Komponenter/Cnt999/TEST_Cnt999_beh.prj" "work.TEST_Cnt999" 
ISim P.20131013 (signature 0x7708f090)
Number of CPUs detected in this system: 4
Turning on mult-threading, number of parallel sub-compilation jobs: 8 
Determining compilation order of HDL files
Parsing VHDL file "D:/Git/DIG_Assignment1/Projeckt/Komponenter/Cnt999/Cnt999.vhd" into library work
Parsing VHDL file "D:/Git/DIG_Assignment1/Projeckt/Komponenter/Cnt999/TEST_Cnt59.vhd" into library work
Starting static elaboration
Completed static elaboration
Compiling package standard
Compiling package std_logic_1164
Compiling package std_logic_arith
Compiling package std_logic_unsigned
Compiling architecture behavioral of entity Cnt999 [cnt999_default]
Compiling architecture behavior of entity test_cnt999
Time Resolution for simulation is 1ps.
Compiled 7 VHDL Units
Built simulation executable D:/Git/DIG_Assignment1/Projeckt/Komponenter/Cnt999/TEST_Cnt999_isim_beh.exe
Fuse Memory Usage: 33304 KB
Fuse CPU Usage: 687 ms
